# JRE version: Java(TM) SE Runtime Environment (7.0_45-b18) (build 1.7.0_45-b18)
# Java VM: Java HotSpot(TM) 64-Bit Server VM (24.45-b08 mixed mode windows-amd64 compressed oops)
Heap
 PSYoungGen      total 38400K, used 1427K [0x00000000faa80000, 0x00000000fd500000, 0x0000000100000000)
  eden space 33280K, 4% used [0x00000000faa80000,0x00000000fabe4f80,0x00000000fcb00000)
  from space 5120K, 0% used [0x00000000fd000000,0x00000000fd000000,0x00000000fd500000)
  to   space 5120K, 0% used [0x00000000fcb00000,0x00000000fcb00000,0x00000000fd000000)
 ParOldGen       total 130560K, used 24321K [0x00000000f0000000, 0x00000000f7f80000, 0x00000000faa80000)
  object space 130560K, 18% used [0x00000000f0000000,0x00000000f17c0528,0x00000000f7f80000)
 PSPermGen       total 36352K, used 18074K [0x00000000eae00000, 0x00000000ed180000, 0x00000000f0000000)
  object space 36352K, 49% used [0x00000000eae00000,0x00000000ebfa6928,0x00000000ed180000)
GC Heap History (6 events):
Event: 30.622 GC heap before
{Heap before GC invocations=1 (full 0):
 PSYoungGen      total 38400K, used 33155K [0x00000000faa80000, 0x00000000fd500000, 0x0000000100000000)
  eden space 33280K, 99% used [0x00000000faa80000,0x00000000fcae0de0,0x00000000fcb00000)
  from space 5120K, 0% used [0x00000000fd000000,0x00000000fd000000,0x00000000fd500000)
  to   space 5120K, 0% used [0x00000000fcb00000,0x00000000fcb00000,0x00000000fd000000)
 ParOldGen       total 86528K, used 0K [0x00000000f0000000, 0x00000000f5480000, 0x00000000faa80000)
  object space 86528K, 0% used [0x00000000f0000000,0x00000000f0000000,0x00000000f5480000)
 PSPermGen       total 21504K, used 15923K [0x00000000eae00000, 0x00000000ec300000, 0x00000000f0000000)
  object space 21504K, 74% used [0x00000000eae00000,0x00000000ebd8cde8,0x00000000ec300000)
Event: 30.670 GC heap after
Heap after GC invocations=1 (full 0):
 PSYoungGen      total 38400K, used 5095K [0x00000000faa80000, 0x00000000fd500000, 0x0000000100000000)
  eden space 33280K, 0% used [0x00000000faa80000,0x00000000faa80000,0x00000000fcb00000)
  from space 5120K, 99% used [0x00000000fcb00000,0x00000000fcff9d70,0x00000000fd000000)
  to   space 5120K, 0% used [0x00000000fd000000,0x00000000fd000000,0x00000000fd500000)
 ParOldGen       total 86528K, used 1353K [0x00000000f0000000, 0x00000000f5480000, 0x00000000faa80000)
  object space 86528K, 1% used [0x00000000f0000000,0x00000000f0152690,0x00000000f5480000)
 PSPermGen       total 21504K, used 15923K [0x00000000eae00000, 0x00000000ec300000, 0x00000000f0000000)
  object space 21504K, 74% used [0x00000000eae00000,0x00000000ebd8cde8,0x00000000ec300000)
}
Event: 33.316 GC heap before
{Heap before GC invocations=2 (full 0):
 PSYoungGen      total 38400K, used 38375K [0x00000000faa80000, 0x00000000fd500000, 0x0000000100000000)
  eden space 33280K, 100% used [0x00000000faa80000,0x00000000fcb00000,0x00000000fcb00000)
  from space 5120K, 99% used [0x00000000fcb00000,0x00000000fcff9d70,0x00000000fd000000)
  to   space 5120K, 0% used [0x00000000fd000000,0x00000000fd000000,0x00000000fd500000)
 ParOldGen       total 86528K, used 1353K [0x00000000f0000000, 0x00000000f5480000, 0x00000000faa80000)
  object space 86528K, 1% used [0x00000000f0000000,0x00000000f0152690,0x00000000f5480000)
 PSPermGen       total 21504K, used 18061K [0x00000000eae00000, 0x00000000ec300000, 0x00000000f0000000)
  object space 21504K, 83% used [0x00000000eae00000,0x00000000ebfa3760,0x00000000ec300000)
Event: 33.360 GC heap after
Heap after GC invocations=2 (full 0):
 PSYoungGen      total 38400K, used 5118K [0x00000000faa80000, 0x00000000fd500000, 0x0000000100000000)
  eden space 33280K, 0% used [0x00000000faa80000,0x00000000faa80000,0x00000000fcb00000)
  from space 5120K, 99% used [0x00000000fd000000,0x00000000fd4ff840,0x00000000fd500000)
  to   space 5120K, 0% used [0x00000000fcb00000,0x00000000fcb00000,0x00000000fd000000)
 ParOldGen       total 86528K, used 48642K [0x00000000f0000000, 0x00000000f5480000, 0x00000000faa80000)
  object space 86528K, 56% used [0x00000000f0000000,0x00000000f2f809b0,0x00000000f5480000)
 PSPermGen       total 21504K, used 18061K [0x00000000eae00000, 0x00000000ec300000, 0x00000000f0000000)
  object space 21504K, 83% used [0x00000000eae00000,0x00000000ebfa3760,0x00000000ec300000)
}
Event: 33.360 GC heap before
{Heap before GC invocations=3 (full 1):
 PSYoungGen      total 38400K, used 5118K [0x00000000faa80000, 0x00000000fd500000, 0x0000000100000000)
  eden space 33280K, 0% used [0x00000000faa80000,0x00000000faa80000,0x00000000fcb00000)
  from space 5120K, 99% used [0x00000000fd000000,0x00000000fd4ff840,0x00000000fd500000)
  to   space 5120K, 0% used [0x00000000fcb00000,0x00000000fcb00000,0x00000000fd000000)
 ParOldGen       total 86528K, used 48642K [0x00000000f0000000, 0x00000000f5480000, 0x00000000faa80000)
  object space 86528K, 56% used [0x00000000f0000000,0x00000000f2f809b0,0x00000000f5480000)
 PSPermGen       total 21504K, used 18061K [0x00000000eae00000, 0x00000000ec300000, 0x00000000f0000000)
  object space 21504K, 83% used [0x00000000eae00000,0x00000000ebfa3760,0x00000000ec300000)
Event: 33.570 GC heap after
Heap after GC invocations=3 (full 1):
 PSYoungGen      total 38400K, used 0K [0x00000000faa80000, 0x00000000fd500000, 0x0000000100000000)
  eden space 33280K, 0% used [0x00000000faa80000,0x00000000faa80000,0x00000000fcb00000)
  from space 5120K, 0% used [0x00000000fd000000,0x00000000fd000000,0x00000000fd500000)
  to   space 5120K, 0% used [0x00000000fcb00000,0x00000000fcb00000,0x00000000fd000000)
 ParOldGen       total 130560K, used 24321K [0x00000000f0000000, 0x00000000f7f80000, 0x00000000faa80000)
  object space 130560K, 18% used [0x00000000f0000000,0x00000000f17c0528,0x00000000f7f80000)
 PSPermGen       total 36352K, used 18055K [0x00000000eae00000, 0x00000000ed180000, 0x00000000f0000000)
  object space 36352K, 49% used [0x00000000eae00000,0x00000000ebfa1f78,0x00000000ed180000)
}

